<?xml version="1.0" encoding="UTF-8" ?>
<testsuite tests="4" failures="0" name="QBOTest" time="2.709" errors="2" skipped="0">
  <properties>
    <property name="idea.version" value="2020.3"/>
    <property name="java.runtime.name" value="Java(TM) SE Runtime Environment"/>
    <property name="sun.boot.library.path" value="/usr/local/java/jdk1.8.0_271/jre/lib/amd64"/>
    <property name="java.vm.version" value="25.271-b09"/>
    <property name="java.vm.vendor" value="Oracle Corporation"/>
    <property name="maven.multiModuleProjectDirectory" value="/home/auphan/workspace/middle-service"/>
    <property name="java.vendor.url" value="http://java.oracle.com/"/>
    <property name="path.separator" value=":"/>
    <property name="guice.disable.misplaced.annotation.check" value="true"/>
    <property name="java.vm.name" value="Java HotSpot(TM) 64-Bit Server VM"/>
    <property name="file.encoding.pkg" value="sun.io"/>
    <property name="user.country" value="US"/>
    <property name="sun.java.launcher" value="SUN_STANDARD"/>
    <property name="sun.os.patch.level" value="unknown"/>
    <property name="java.vm.specification.name" value="Java Virtual Machine Specification"/>
    <property name="user.dir" value="/home/auphan/workspace/middle-service"/>
    <property name="java.runtime.version" value="1.8.0_271-b09"/>
    <property name="java.awt.graphicsenv" value="sun.awt.X11GraphicsEnvironment"/>
    <property name="java.endorsed.dirs" value="/usr/local/java/jdk1.8.0_271/jre/lib/endorsed"/>
    <property name="os.arch" value="amd64"/>
    <property name="java.io.tmpdir" value="/tmp"/>
    <property name="line.separator" value="
"/>
    <property name="java.vm.specification.vendor" value="Oracle Corporation"/>
    <property name="os.name" value="Linux"/>
    <property name="maven.ext.class.path" value="/home/auphan/.local/share/JetBrains/Toolbox/apps/IDEA-U/ch-0/203.5981.155/plugins/maven/lib/maven-event-listener.jar"/>
    <property name="classworlds.conf" value="/home/auphan/.local/share/JetBrains/Toolbox/apps/IDEA-U/ch-0/203.5981.155/plugins/maven/lib/maven3/bin/m2.conf"/>
    <property name="sun.jnu.encoding" value="UTF-8"/>
    <property name="java.library.path" value="/usr/java/packages/lib/amd64:/usr/lib64:/lib64:/lib:/usr/lib"/>
    <property name="maven.conf" value="/home/auphan/.local/share/JetBrains/Toolbox/apps/IDEA-U/ch-0/203.5981.155/plugins/maven/lib/maven3/conf"/>
    <property name="java.specification.name" value="Java Platform API Specification"/>
    <property name="java.class.version" value="52.0"/>
    <property name="sun.management.compiler" value="HotSpot 64-Bit Tiered Compilers"/>
    <property name="os.version" value="5.4.0-58-generic"/>
    <property name="user.home" value="/home/auphan"/>
    <property name="user.timezone" value="Asia/Ho_Chi_Minh"/>
    <property name="java.awt.printerjob" value="sun.print.PSPrinterJob"/>
    <property name="java.specification.version" value="1.8"/>
    <property name="file.encoding" value="UTF-8"/>
    <property name="user.name" value="auphan"/>
    <property name="java.class.path" value="/home/auphan/.local/share/JetBrains/Toolbox/apps/IDEA-U/ch-0/203.5981.155/plugins/maven/lib/maven3/boot/plexus-classworlds-2.6.0.jar:/home/auphan/.local/share/JetBrains/Toolbox/apps/IDEA-U/ch-0/203.5981.155/plugins/maven/lib/maven3/boot/plexus-classworlds.license:/home/auphan/.local/share/JetBrains/Toolbox/apps/IDEA-U/ch-0/203.5981.155/lib/idea_rt.jar"/>
    <property name="java.vm.specification.version" value="1.8"/>
    <property name="sun.arch.data.model" value="64"/>
    <property name="java.home" value="/usr/local/java/jdk1.8.0_271/jre"/>
    <property name="sun.java.command" value="org.codehaus.classworlds.Launcher -Didea.version=2020.3 package"/>
    <property name="java.specification.vendor" value="Oracle Corporation"/>
    <property name="user.language" value="en"/>
    <property name="awt.toolkit" value="sun.awt.X11.XToolkit"/>
    <property name="java.vm.info" value="mixed mode"/>
    <property name="java.version" value="1.8.0_271"/>
    <property name="java.ext.dirs" value="/usr/local/java/jdk1.8.0_271/jre/lib/ext:/usr/java/packages/lib/ext"/>
    <property name="securerandom.source" value="file:/dev/./urandom"/>
    <property name="sun.boot.class.path" value="/usr/local/java/jdk1.8.0_271/jre/lib/resources.jar:/usr/local/java/jdk1.8.0_271/jre/lib/rt.jar:/usr/local/java/jdk1.8.0_271/jre/lib/sunrsasign.jar:/usr/local/java/jdk1.8.0_271/jre/lib/jsse.jar:/usr/local/java/jdk1.8.0_271/jre/lib/jce.jar:/usr/local/java/jdk1.8.0_271/jre/lib/charsets.jar:/usr/local/java/jdk1.8.0_271/jre/lib/jfr.jar:/usr/local/java/jdk1.8.0_271/jre/classes"/>
    <property name="java.vendor" value="Oracle Corporation"/>
    <property name="maven.home" value="/home/auphan/.local/share/JetBrains/Toolbox/apps/IDEA-U/ch-0/203.5981.155/plugins/maven/lib/maven3"/>
    <property name="file.separator" value="/"/>
    <property name="java.vendor.url.bug" value="http://bugreport.sun.com/bugreport/"/>
    <property name="sun.cpu.endian" value="little"/>
    <property name="sun.io.unicode.encoding" value="UnicodeLittle"/>
    <property name="sun.desktop" value="gnome"/>
    <property name="sun.cpu.isalist" value=""/>
  </properties>
  <testcase classname="QBOTest" name="getItem" time="1.807">
    <error message="ERROR CODE:3200, ERROR MESSAGE:message=AuthenticationFailed; errorCode=003200; statusCode=401, ERROR DETAIL:Token expired: AB01608524827ciJQoIrpbZa0ZMO4FUMsJZE4QF8mR6U4Cyqrc
" type="com.intuit.ipp.exception.AuthenticationException">com.intuit.ipp.exception.AuthenticationException: ERROR CODE:3200, ERROR MESSAGE:message=AuthenticationFailed; errorCode=003200; statusCode=401, ERROR DETAIL:Token expired: AB01608524827ciJQoIrpbZa0ZMO4FUMsJZE4QF8mR6U4Cyqrc

	at com.intuit.ipp.interceptors.HandleResponseInterceptor.execute(HandleResponseInterceptor.java:114)
	at com.intuit.ipp.interceptors.IntuitInterceptorProvider.executeResponseInterceptors(IntuitInterceptorProvider.java:114)
	at com.intuit.ipp.interceptors.IntuitInterceptorProvider.executeInterceptors(IntuitInterceptorProvider.java:87)
	at com.intuit.ipp.services.DataService.executeInterceptors(DataService.java:159)
	at com.intuit.ipp.services.DataService.executeQuery(DataService.java:636)
	at com.lexor.service.item.ItemQBOService.isEntityActive(ItemQBOService.java:126)
	at QBOTest.getItem(QBOTest.java:116)
	at sun.reflect.NativeMethodAccessorImpl.invoke0(Native Method)
	at sun.reflect.NativeMethodAccessorImpl.invoke(NativeMethodAccessorImpl.java:62)
	at sun.reflect.DelegatingMethodAccessorImpl.invoke(DelegatingMethodAccessorImpl.java:43)
	at java.lang.reflect.Method.invoke(Method.java:498)
	at org.junit.runners.model.FrameworkMethod$1.runReflectiveCall(FrameworkMethod.java:50)
	at org.junit.internal.runners.model.ReflectiveCallable.run(ReflectiveCallable.java:12)
	at org.junit.runners.model.FrameworkMethod.invokeExplosively(FrameworkMethod.java:47)
	at org.junit.internal.runners.statements.InvokeMethod.evaluate(InvokeMethod.java:17)
	at org.junit.internal.runners.statements.RunBefores.evaluate(RunBefores.java:26)
	at org.junit.runners.ParentRunner.runLeaf(ParentRunner.java:325)
	at org.junit.runners.BlockJUnit4ClassRunner.runChild(BlockJUnit4ClassRunner.java:78)
	at org.junit.runners.BlockJUnit4ClassRunner.runChild(BlockJUnit4ClassRunner.java:57)
	at org.junit.runners.ParentRunner$3.run(ParentRunner.java:290)
	at org.junit.runners.ParentRunner$1.schedule(ParentRunner.java:71)
	at org.junit.runners.ParentRunner.runChildren(ParentRunner.java:288)
	at org.junit.runners.ParentRunner.access$000(ParentRunner.java:58)
	at org.junit.runners.ParentRunner$2.evaluate(ParentRunner.java:268)
	at org.junit.runners.ParentRunner.run(ParentRunner.java:363)
	at org.apache.maven.surefire.junit4.JUnit4Provider.execute(JUnit4Provider.java:252)
	at org.apache.maven.surefire.junit4.JUnit4Provider.executeTestSet(JUnit4Provider.java:141)
	at org.apache.maven.surefire.junit4.JUnit4Provider.invoke(JUnit4Provider.java:112)
	at sun.reflect.NativeMethodAccessorImpl.invoke0(Native Method)
	at sun.reflect.NativeMethodAccessorImpl.invoke(NativeMethodAccessorImpl.java:62)
	at sun.reflect.DelegatingMethodAccessorImpl.invoke(DelegatingMethodAccessorImpl.java:43)
	at java.lang.reflect.Method.invoke(Method.java:498)
	at org.apache.maven.surefire.util.ReflectionUtils.invokeMethodWithArray(ReflectionUtils.java:189)
	at org.apache.maven.surefire.booter.ProviderFactory$ProviderProxy.invoke(ProviderFactory.java:165)
	at org.apache.maven.surefire.booter.ProviderFactory.invokeProvider(ProviderFactory.java:85)
	at org.apache.maven.surefire.booter.ForkedBooter.runSuitesInProcess(ForkedBooter.java:115)
	at org.apache.maven.surefire.booter.ForkedBooter.main(ForkedBooter.java:75)
</error>
    <system-err>log4j:WARN No appenders could be found for logger (org.apache.commons.configuration.ConfigurationUtils).
log4j:WARN Please initialize the log4j system properly.
log4j:WARN See http://logging.apache.org/log4j/1.2/faq.html#noconfig for more info.
</system-err>
  </testcase>
  <testcase classname="QBOTest" name="getVendorIs" time="0.858">
    <error message="ERROR CODE:3200, ERROR MESSAGE:message=AuthenticationFailed; errorCode=003200; statusCode=401, ERROR DETAIL:Token expired: AB01608524827ciJQoIrpbZa0ZMO4FUMsJZE4QF8mR6U4Cyqrc
" type="com.intuit.ipp.exception.AuthenticationException">com.intuit.ipp.exception.AuthenticationException: ERROR CODE:3200, ERROR MESSAGE:message=AuthenticationFailed; errorCode=003200; statusCode=401, ERROR DETAIL:Token expired: AB01608524827ciJQoIrpbZa0ZMO4FUMsJZE4QF8mR6U4Cyqrc

	at com.intuit.ipp.interceptors.HandleResponseInterceptor.execute(HandleResponseInterceptor.java:114)
	at com.intuit.ipp.interceptors.IntuitInterceptorProvider.executeResponseInterceptors(IntuitInterceptorProvider.java:114)
	at com.intuit.ipp.interceptors.IntuitInterceptorProvider.executeInterceptors(IntuitInterceptorProvider.java:87)
	at com.intuit.ipp.services.DataService.executeInterceptors(DataService.java:159)
	at com.intuit.ipp.services.DataService.executeQuery(DataService.java:636)
	at com.lexor.service.vendor.VendorQBOService.isEntityActive(VendorQBOService.java:84)
	at QBOTest.getVendorIs(QBOTest.java:42)
	at sun.reflect.NativeMethodAccessorImpl.invoke0(Native Method)
	at sun.reflect.NativeMethodAccessorImpl.invoke(NativeMethodAccessorImpl.java:62)
	at sun.reflect.DelegatingMethodAccessorImpl.invoke(DelegatingMethodAccessorImpl.java:43)
	at java.lang.reflect.Method.invoke(Method.java:498)
	at org.junit.runners.model.FrameworkMethod$1.runReflectiveCall(FrameworkMethod.java:50)
	at org.junit.internal.runners.model.ReflectiveCallable.run(ReflectiveCallable.java:12)
	at org.junit.runners.model.FrameworkMethod.invokeExplosively(FrameworkMethod.java:47)
	at org.junit.internal.runners.statements.InvokeMethod.evaluate(InvokeMethod.java:17)
	at org.junit.internal.runners.statements.RunBefores.evaluate(RunBefores.java:26)
	at org.junit.runners.ParentRunner.runLeaf(ParentRunner.java:325)
	at org.junit.runners.BlockJUnit4ClassRunner.runChild(BlockJUnit4ClassRunner.java:78)
	at org.junit.runners.BlockJUnit4ClassRunner.runChild(BlockJUnit4ClassRunner.java:57)
	at org.junit.runners.ParentRunner$3.run(ParentRunner.java:290)
	at org.junit.runners.ParentRunner$1.schedule(ParentRunner.java:71)
	at org.junit.runners.ParentRunner.runChildren(ParentRunner.java:288)
	at org.junit.runners.ParentRunner.access$000(ParentRunner.java:58)
	at org.junit.runners.ParentRunner$2.evaluate(ParentRunner.java:268)
	at org.junit.runners.ParentRunner.run(ParentRunner.java:363)
	at org.apache.maven.surefire.junit4.JUnit4Provider.execute(JUnit4Provider.java:252)
	at org.apache.maven.surefire.junit4.JUnit4Provider.executeTestSet(JUnit4Provider.java:141)
	at org.apache.maven.surefire.junit4.JUnit4Provider.invoke(JUnit4Provider.java:112)
	at sun.reflect.NativeMethodAccessorImpl.invoke0(Native Method)
	at sun.reflect.NativeMethodAccessorImpl.invoke(NativeMethodAccessorImpl.java:62)
	at sun.reflect.DelegatingMethodAccessorImpl.invoke(DelegatingMethodAccessorImpl.java:43)
	at java.lang.reflect.Method.invoke(Method.java:498)
	at org.apache.maven.surefire.util.ReflectionUtils.invokeMethodWithArray(ReflectionUtils.java:189)
	at org.apache.maven.surefire.booter.ProviderFactory$ProviderProxy.invoke(ProviderFactory.java:165)
	at org.apache.maven.surefire.booter.ProviderFactory.invokeProvider(ProviderFactory.java:85)
	at org.apache.maven.surefire.booter.ForkedBooter.runSuitesInProcess(ForkedBooter.java:115)
	at org.apache.maven.surefire.booter.ForkedBooter.main(ForkedBooter.java:75)
</error>
  </testcase>
  <testcase classname="QBOTest" name="getVendor" time="0"/>
  <testcase classname="QBOTest" name="createPO" time="0.044"/>
</testsuite>